<?xml version="1.0" encoding="UTF-8"?>
<testsuite name="sew9.worttrainer.cpolat.models.EintragTest" tests="3" skipped="0" failures="0" errors="0" timestamp="2024-01-15T07:40:44" hostname="HP" time="0.081">
  <properties/>
  <testcase name="gueltigeURL()" classname="sew9.worttrainer.cpolat.models.EintragTest" time="0.061"/>
  <testcase name="keineGueltigeURL()" classname="sew9.worttrainer.cpolat.models.EintragTest" time="0.009"/>
  <testcase name="nullWerte()" classname="sew9.worttrainer.cpolat.models.EintragTest" time="0.004"/>
  <system-out><![CDATA[]]></system-out>
  <system-err><![CDATA[]]></system-err>
</testsuite>
